18:33:50 **** Incremental Build of configuration Default for project AUGUST_DUMPER_PROS ****
make all 
CC -I../include -I../src auto.c
CC -I../include -I../src auto_functions.c
CC -I../include -I../src auto_routines.c
CC -I../include -I../src functions.c
functions.c: In function 'setDriveChannel':
functions.c:64:7: error: 'X' undeclared (first use in this function)
functions.c:64:7: note: each undeclared identifier is reported only once for each function it appears in
functions.c:65:3: error: 'driveChannels' undeclared (first use in this function)
functions.c:67:7: error: 'Y' undeclared (first use in this function)
functions.c:70:7: error: 'YAW' undeclared (first use in this function)
make[1]: *** [../bin/functions.o] Error 1
make: *** [src] Error 2
18:56:33 **** Incremental Build of configuration Default for project AUGUST_SIX_BAR_HOLO_PROS ****
make all 
CC -I../include -I../src auto.c
CC -I../include -I../src auto_functions.c
auto_functions.c: In function 'gyroTurn':
auto_functions.c:44:3: error: implicit declaration of function 'setDriveChannel' [-Werror=implicit-function-declaration]
cc1.exe: some warnings being treated as errors
make[1]: *** [../bin/auto_functions.o] Error 1
make: *** [src] Error 2
18:59:02 **** Incremental Build of configuration Default for project AUGUST_SIX_BAR_HOLO_PROS ****
make all 
CC -I../include -I../src auto_functions.c
CC -I../include -I../src auto_routines.c
CC -I../include -I../src functions.c
functions.c:59:45: error: expected ';', ',' or ')' before '=' token
make[1]: *** [../bin/functions.o] Error 1
make: *** [src] Error 2
18:59:13 **** Incremental Build of configuration Default for project AUGUST_SIX_BAR_HOLO_PROS ****
make all 
CC -I../include -I../src functions.c
functions.c:59:45: error: expected ';', ',' or ')' before '=' token
make[1]: *** [../bin/functions.o] Error 1
make: *** [src] Error 2
18:59:24 **** Incremental Build of configuration Default for project AUGUST_SIX_BAR_HOLO_PROS ****
make all 
CC -I../include -I../src functions.c
CC -I../include -I../src init.c
CC -I../include -I../src opcontrol.c
LN ./bin/auto.o ./bin/auto_functions.o ./bin/auto_routines.o ./bin/functions.o ./bin/init.o ./bin/opcontrol.o ./firmware/libccos.a -lgcc -lm to bin/output.elf
   text	   data	    bss	    dec	    hex	filename
  15260	      0	   3944	  19204	   4b04	./bin/output.elf
arm-none-eabi-objcopy ./bin/output.elf -O binary ./bin/output.bin
19:24:47 **** Clean-only build of configuration Default for project AUGUST_SIX_BAR_HOLO_PROS ****
make clean 
rm -f ./bin/output.elf
rm -rf ./bin
19:24:59 **** Clean-only build of configuration Default for project AUGUST_SIX_BAR_HOLO_PROS ****
make clean 
rm -f ./bin/output.elf
rm -rf ./bin
19:52:53 **** Build of configuration Default for project AUGUST_SIX_BAR_HOLO_PROS ****
make all 
CC -I../include -I../src auto.c
CC -I../include -I../src auto_functions.c
CC -I../include -I../src auto_routines.c
CC -I../include -I../src functions.c
CC -I../include -I../src init.c
CC -I../include -I../src opcontrol.c
LN ./bin/auto.o ./bin/auto_functions.o ./bin/auto_routines.o ./bin/functions.o ./bin/init.o ./bin/opcontrol.o ./firmware/libccos.a -lgcc -lm to bin/output.elf
   text	   data	    bss	    dec	    hex	filename
  15260	      0	   3944	  19204	   4b04	./bin/output.elf
arm-none-eabi-objcopy ./bin/output.elf -O binary ./bin/output.bin
19:53:30 **** Incremental Build of configuration Default for project AUGUST_SIX_BAR_HOLO_PROS ****
make all 
make[1]: Nothing to be done for `all'.
20:01:02 **** Incremental Build of configuration Default for project AUGUST_SIX_BAR_HOLO_PROS ****
make all 
CC -I../include -I../src auto.c
CC -I../include -I../src auto_functions.c
auto_functions.c: In function 'gyroTurn':
auto_functions.c:49:19: error: 'YAW' undeclared (first use in this function)
auto_functions.c:49:19: note: each undeclared identifier is reported only once for each function it appears in
make[1]: *** [../bin/auto_functions.o] Error 1
make: *** [src] Error 2
20:20:09 **** Incremental Build of configuration Default for project AUGUST_SIX_BAR_HOLO_PROS ****
make all 
CC -I../include -I../src auto.c
CC -I../include -I../src auto_functions.c
CC -I../include -I../src auto_routines.c
CC -I../include -I../src functions.c
CC -I../include -I../src init.c
CC -I../include -I../src opcontrol.c
LN ./bin/auto.o ./bin/auto_functions.o ./bin/auto_routines.o ./bin/functions.o ./bin/init.o ./bin/opcontrol.o ./firmware/libccos.a -lgcc -lm to bin/output.elf
   text	   data	    bss	    dec	    hex	filename
  15260	      0	   3944	  19204	   4b04	./bin/output.elf
arm-none-eabi-objcopy ./bin/output.elf -O binary ./bin/output.bin
20:25:58 **** Incremental Build of configuration Default for project AUGUST_SIX_BAR_HOLO_PROS ****
make all 
make[1]: Nothing to be done for `all'.
20:25:59 **** Incremental Build of configuration Default for project AUGUST_SIX_BAR_HOLO_PROS ****
make all 
make[1]: Nothing to be done for `all'.
20:30:49 **** Incremental Build of configuration Default for project AUGUST_SIX_BAR_HOLO_PROS ****
make all 
CC -I../include -I../src auto.c
auto.c: In function 'autonomous':
auto.c:30:2: error: implicit declaration of function 'gyroTurn' [-Werror=implicit-function-declaration]
cc1.exe: some warnings being treated as errors
make[1]: *** [../bin/auto.o] Error 1
make: *** [src] Error 2
20:31:02 **** Incremental Build of configuration Default for project AUGUST_SIX_BAR_HOLO_PROS ****
make all 
CC -I../include -I../src auto.c
auto.c: In function 'autonomous':
auto.c:30:2: error: implicit declaration of function 'gyroTurn' [-Werror=implicit-function-declaration]
cc1.exe: some warnings being treated as errors
make[1]: *** [../bin/auto.o] Error 1
make: *** [src] Error 2
20:32:08 **** Incremental Build of configuration Default for project AUGUST_SIX_BAR_HOLO_PROS ****
make all 
CC -I../include -I../src auto.c
CC -I../include -I../src auto_functions.c
CC -I../include -I../src auto_routines.c
CC -I../include -I../src functions.c
CC -I../include -I../src init.c
CC -I../include -I../src opcontrol.c
LN ./bin/auto.o ./bin/auto_functions.o ./bin/auto_routines.o ./bin/functions.o ./bin/init.o ./bin/opcontrol.o ./firmware/libccos.a -lgcc -lm to bin/output.elf
./bin/functions.o: In function `driveSetChannel':
functions.c:(.text.driveSetChannel+0x68): undefined reference to `driveChannels'
collect2.exe: error: ld returned 1 exit status
make: *** [bin/output.elf] Error 1
20:32:13 **** Incremental Build of configuration Default for project AUGUST_SIX_BAR_HOLO_PROS ****
make all 
make[1]: Nothing to be done for `all'.
LN ./bin/auto.o ./bin/auto_functions.o ./bin/auto_routines.o ./bin/functions.o ./bin/init.o ./bin/opcontrol.o ./firmware/libccos.a -lgcc -lm to bin/output.elf
./bin/functions.o: In function `driveSetChannel':
functions.c:(.text.driveSetChannel+0x68): undefined reference to `driveChannels'
collect2.exe: error: ld returned 1 exit status
make: *** [bin/output.elf] Error 1
20:32:47 **** Clean-only build of configuration Default for project AUGUST_SIX_BAR_HOLO_PROS ****
make clean 
rm -f ./bin/output.elf
rm -rf ./bin
20:32:49 **** Build of configuration Default for project AUGUST_SIX_BAR_HOLO_PROS ****
make all 
CC -I../include -I../src auto.c
CC -I../include -I../src auto_functions.c
CC -I../include -I../src auto_routines.c
CC -I../include -I../src functions.c
CC -I../include -I../src init.c
CC -I../include -I../src opcontrol.c
LN ./bin/auto.o ./bin/auto_functions.o ./bin/auto_routines.o ./bin/functions.o ./bin/init.o ./bin/opcontrol.o ./firmware/libccos.a -lgcc -lm to bin/output.elf
./bin/functions.o: In function `driveSetChannel':
functions.c:(.text.driveSetChannel+0x68): undefined reference to `driveChannels'
collect2.exe: error: ld returned 1 exit status
make: *** [bin/output.elf] Error 1
20:36:02 **** Incremental Build of configuration Default for project AUGUST_SIX_BAR_HOLO_PROS ****
make all 
make[1]: Nothing to be done for `all'.
LN ./bin/auto.o ./bin/auto_functions.o ./bin/auto_routines.o ./bin/functions.o ./bin/init.o ./bin/opcontrol.o ./firmware/libccos.a -lgcc -lm to bin/output.elf
./bin/functions.o: In function `driveSetChannel':
functions.c:(.text.driveSetChannel+0x68): undefined reference to `driveChannels'
collect2.exe: error: ld returned 1 exit status
make: *** [bin/output.elf] Error 1
20:36:07 **** Incremental Build of configuration Default for project AUGUST_SIX_BAR_HOLO_PROS ****
make all 
CC -I../include -I../src auto.c
CC -I../include -I../src auto_functions.c
CC -I../include -I../src auto_routines.c
CC -I../include -I../src functions.c
functions.c: In function 'driveSetChannel':
functions.c:63:3: error: invalid use of undefined type 'struct DriveChannels'
functions.c:66:3: error: invalid use of undefined type 'struct DriveChannels'
functions.c:69:3: error: invalid use of undefined type 'struct DriveChannels'
functions.c:75:2: error: invalid use of undefined type 'struct DriveChannels'
functions.c:75:2: error: invalid use of undefined type 'struct DriveChannels'
functions.c:75:2: error: invalid use of undefined type 'struct DriveChannels'
functions.c:76:2: error: invalid use of undefined type 'struct DriveChannels'
functions.c:76:2: error: invalid use of undefined type 'struct DriveChannels'
functions.c:76:2: error: invalid use of undefined type 'struct DriveChannels'
functions.c:77:2: error: invalid use of undefined type 'struct DriveChannels'
functions.c:77:2: error: invalid use of undefined type 'struct DriveChannels'
functions.c:77:2: error: invalid use of undefined type 'struct DriveChannels'
functions.c:78:2: error: invalid use of undefined type 'struct DriveChannels'
functions.c:78:2: error: invalid use of undefined type 'struct DriveChannels'
functions.c:78:2: error: invalid use of undefined type 'struct DriveChannels'
make[1]: *** [../bin/functions.o] Error 1
make: *** [src] Error 2
20:37:07 **** Incremental Build of configuration Default for project AUGUST_SIX_BAR_HOLO_PROS ****
make all 
CC -I../include -I../src auto_functions.c
CC -I../include -I../src functions.c
functions.c: In function 'driveSetChannel':
functions.c:63:3: error: invalid use of undefined type 'struct DriveChannels'
functions.c:66:3: error: invalid use of undefined type 'struct DriveChannels'
functions.c:69:3: error: invalid use of undefined type 'struct DriveChannels'
functions.c:75:2: error: invalid use of undefined type 'struct DriveChannels'
functions.c:75:2: error: invalid use of undefined type 'struct DriveChannels'
functions.c:75:2: error: invalid use of undefined type 'struct DriveChannels'
functions.c:76:2: error: invalid use of undefined type 'struct DriveChannels'
functions.c:76:2: error: invalid use of undefined type 'struct DriveChannels'
functions.c:76:2: error: invalid use of undefined type 'struct DriveChannels'
functions.c:77:2: error: invalid use of undefined type 'struct DriveChannels'
functions.c:77:2: error: invalid use of undefined type 'struct DriveChannels'
functions.c:77:2: error: invalid use of undefined type 'struct DriveChannels'
functions.c:78:2: error: invalid use of undefined type 'struct DriveChannels'
functions.c:78:2: error: invalid use of undefined type 'struct DriveChannels'
functions.c:78:2: error: invalid use of undefined type 'struct DriveChannels'
make[1]: *** [../bin/functions.o] Error 1
make: *** [src] Error 2
20:37:23 **** Incremental Build of configuration Default for project AUGUST_SIX_BAR_HOLO_PROS ****
make all 
CC -I../include -I../src auto_functions.c
CC -I../include -I../src functions.c
CC -I../include -I../src init.c
CC -I../include -I../src opcontrol.c
LN ./bin/auto.o ./bin/auto_functions.o ./bin/auto_routines.o ./bin/functions.o ./bin/init.o ./bin/opcontrol.o ./firmware/libccos.a -lgcc -lm to bin/output.elf
./bin/functions.o: In function `driveSetChannel':
functions.c:(.text.driveSetChannel+0x68): undefined reference to `driveChannels'
collect2.exe: error: ld returned 1 exit status
make: *** [bin/output.elf] Error 1
20:37:50 **** Incremental Build of configuration Default for project AUGUST_SIX_BAR_HOLO_PROS ****
make all 
CC -I../include -I../src auto.c
CC -I../include -I../src auto_functions.c
CC -I../include -I../src auto_routines.c
CC -I../include -I../src functions.c
CC -I../include -I../src init.c
CC -I../include -I../src opcontrol.c
LN ./bin/auto.o ./bin/auto_functions.o ./bin/auto_routines.o ./bin/functions.o ./bin/init.o ./bin/opcontrol.o ./firmware/libccos.a -lgcc -lm to bin/output.elf
   text	   data	    bss	    dec	    hex	filename
  16972	      0	   3960	  20932	   51c4	./bin/output.elf
arm-none-eabi-objcopy ./bin/output.elf -O binary ./bin/output.bin
20:37:55 **** Incremental Build of configuration Default for project AUGUST_SIX_BAR_HOLO_PROS ****
make all 
make[1]: Nothing to be done for `all'.
20:38:07 **** Clean-only build of configuration Default for project AUGUST_SIX_BAR_HOLO_PROS ****
make clean 
rm -f ./bin/output.elf
rm -rf ./bin
rm: cannot remove `./bin/output.bin': Permission denied
make: [clean] Error 1 (ignored)
20:38:20 **** Build of configuration Default for project AUGUST_SIX_BAR_HOLO_PROS ****
make all 
CC -I../include -I../src auto.c
CC -I../include -I../src auto_functions.c
CC -I../include -I../src auto_routines.c
CC -I../include -I../src functions.c
CC -I../include -I../src init.c
CC -I../include -I../src opcontrol.c
LN ./bin/auto.o ./bin/auto_functions.o ./bin/auto_routines.o ./bin/functions.o ./bin/init.o ./bin/opcontrol.o ./firmware/libccos.a -lgcc -lm to bin/output.elf
   text	   data	    bss	    dec	    hex	filename
  16972	      0	   3960	  20932	   51c4	./bin/output.elf
arm-none-eabi-objcopy ./bin/output.elf -O binary ./bin/output.bin
20:38:27 **** Incremental Build of configuration Default for project AUGUST_SIX_BAR_HOLO_PROS ****
make all 
make[1]: Nothing to be done for `all'.
20:38:44 **** Incremental Build of configuration Default for project AUGUST_SIX_BAR_HOLO_PROS ****
make all 
make[1]: Nothing to be done for `all'.
20:39:17 **** Incremental Build of configuration Default for project AUGUST_SIX_BAR_HOLO_PROS ****
make all 
make[1]: Nothing to be done for `all'.
20:39:26 **** Incremental Build of configuration Default for project AUGUST_SIX_BAR_HOLO_PROS ****
make all 
make[1]: Nothing to be done for `all'.
20:39:35 **** Incremental Build of configuration Default for project AUGUST_SIX_BAR_HOLO_PROS ****
make all 
make[1]: Nothing to be done for `all'.
20:41:01 **** Incremental Build of configuration Default for project AUGUST_SIX_BAR_HOLO_PROS ****
make all 
make[1]: Nothing to be done for `all'.
20:44:55 **** Incremental Build of configuration Default for project AUGUST_SIX_BAR_HOLO_PROS ****
make all 
make[1]: Nothing to be done for `all'.
20:47:12 **** Incremental Build of configuration Default for project AUGUST_SIX_BAR_HOLO_PROS ****
make all 
CC -I../include -I../src auto.c
CC -I../include -I../src auto_functions.c
LN ./bin/auto.o ./bin/auto_functions.o ./bin/auto_routines.o ./bin/functions.o ./bin/init.o ./bin/opcontrol.o ./firmware/libccos.a -lgcc -lm to bin/output.elf
   text	   data	    bss	    dec	    hex	filename
  16996	      0	   3960	  20956	   51dc	./bin/output.elf
arm-none-eabi-objcopy ./bin/output.elf -O binary ./bin/output.bin
20:47:30 **** Incremental Build of configuration Default for project AUGUST_SIX_BAR_HOLO_PROS ****
make all 
make[1]: Nothing to be done for `all'.
20:47:36 **** Incremental Build of configuration Default for project AUGUST_SIX_BAR_HOLO_PROS ****
make all 
make[1]: Nothing to be done for `all'.
20:50:25 **** Incremental Build of configuration Default for project AUGUST_SIX_BAR_HOLO_PROS ****
make all 
CC -I../include -I../src auto.c
CC -I../include -I../src auto_functions.c
LN ./bin/auto.o ./bin/auto_functions.o ./bin/auto_routines.o ./bin/functions.o ./bin/init.o ./bin/opcontrol.o ./firmware/libccos.a -lgcc -lm to bin/output.elf
   text	   data	    bss	    dec	    hex	filename
  16996	      0	   3960	  20956	   51dc	./bin/output.elf
arm-none-eabi-objcopy ./bin/output.elf -O binary ./bin/output.bin
20:51:03 **** Incremental Build of configuration Default for project AUGUST_SIX_BAR_HOLO_PROS ****
make all 
make[1]: Nothing to be done for `all'.
20:51:09 **** Incremental Build of configuration Default for project AUGUST_SIX_BAR_HOLO_PROS ****
make all 
make[1]: Nothing to be done for `all'.
20:52:13 **** Incremental Build of configuration Default for project AUGUST_SIX_BAR_HOLO_PROS ****
make all 
CC -I../include -I../src auto_functions.c
LN ./bin/auto.o ./bin/auto_functions.o ./bin/auto_routines.o ./bin/functions.o ./bin/init.o ./bin/opcontrol.o ./firmware/libccos.a -lgcc -lm to bin/output.elf
   text	   data	    bss	    dec	    hex	filename
  17004	      0	   3960	  20964	   51e4	./bin/output.elf
arm-none-eabi-objcopy ./bin/output.elf -O binary ./bin/output.bin
20:52:20 **** Incremental Build of configuration Default for project AUGUST_SIX_BAR_HOLO_PROS ****
make all 
make[1]: Nothing to be done for `all'.
20:52:41 **** Incremental Build of configuration Default for project AUGUST_SIX_BAR_HOLO_PROS ****
make all 
CC -I../include -I../src auto_functions.c
LN ./bin/auto.o ./bin/auto_functions.o ./bin/auto_routines.o ./bin/functions.o ./bin/init.o ./bin/opcontrol.o ./firmware/libccos.a -lgcc -lm to bin/output.elf
   text	   data	    bss	    dec	    hex	filename
  17004	      0	   3960	  20964	   51e4	./bin/output.elf
arm-none-eabi-objcopy ./bin/output.elf -O binary ./bin/output.bin
20:52:46 **** Incremental Build of configuration Default for project AUGUST_SIX_BAR_HOLO_PROS ****
make all 
make[1]: Nothing to be done for `all'.
20:52:51 **** Incremental Build of configuration Default for project AUGUST_SIX_BAR_HOLO_PROS ****
make all 
make[1]: Nothing to be done for `all'.
20:53:13 **** Incremental Build of configuration Default for project AUGUST_SIX_BAR_HOLO_PROS ****
make all 
make[1]: Nothing to be done for `all'.
20:53:50 **** Incremental Build of configuration Default for project AUGUST_SIX_BAR_HOLO_PROS ****
make all 
CC -I../include -I../src auto_functions.c
LN ./bin/auto.o ./bin/auto_functions.o ./bin/auto_routines.o ./bin/functions.o ./bin/init.o ./bin/opcontrol.o ./firmware/libccos.a -lgcc -lm to bin/output.elf
   text	   data	    bss	    dec	    hex	filename
  17004	      0	   3960	  20964	   51e4	./bin/output.elf
arm-none-eabi-objcopy ./bin/output.elf -O binary ./bin/output.bin
20:54:32 **** Incremental Build of configuration Default for project AUGUST_SIX_BAR_HOLO_PROS ****
make all 
CC -I../include -I../src auto_functions.c
LN ./bin/auto.o ./bin/auto_functions.o ./bin/auto_routines.o ./bin/functions.o ./bin/init.o ./bin/opcontrol.o ./firmware/libccos.a -lgcc -lm to bin/output.elf
   text	   data	    bss	    dec	    hex	filename
  17004	      0	   3960	  20964	   51e4	./bin/output.elf
arm-none-eabi-objcopy ./bin/output.elf -O binary ./bin/output.bin
20:54:38 **** Incremental Build of configuration Default for project AUGUST_SIX_BAR_HOLO_PROS ****
make all 
make[1]: Nothing to be done for `all'.
21:03:28 **** Incremental Build of configuration Default for project AUGUST_SIX_BAR_HOLO_PROS ****
make all 
CC -I../include -I../src auto_functions.c
LN ./bin/auto.o ./bin/auto_functions.o ./bin/auto_routines.o ./bin/functions.o ./bin/init.o ./bin/opcontrol.o ./firmware/libccos.a -lgcc -lm to bin/output.elf
   text	   data	    bss	    dec	    hex	filename
  17004	      0	   3960	  20964	   51e4	./bin/output.elf
arm-none-eabi-objcopy ./bin/output.elf -O binary ./bin/output.bin
21:03:38 **** Incremental Build of configuration Default for project AUGUST_SIX_BAR_HOLO_PROS ****
make all 
make[1]: Nothing to be done for `all'.
21:05:28 **** Incremental Build of configuration Default for project AUGUST_SIX_BAR_HOLO_PROS ****
make all 
CC -I../include -I../src auto_functions.c
LN ./bin/auto.o ./bin/auto_functions.o ./bin/auto_routines.o ./bin/functions.o ./bin/init.o ./bin/opcontrol.o ./firmware/libccos.a -lgcc -lm to bin/output.elf
   text	   data	    bss	    dec	    hex	filename
  17012	      0	   3960	  20972	   51ec	./bin/output.elf
arm-none-eabi-objcopy ./bin/output.elf -O binary ./bin/output.bin
21:05:33 **** Incremental Build of configuration Default for project AUGUST_SIX_BAR_HOLO_PROS ****
make all 
make[1]: Nothing to be done for `all'.
21:05:50 **** Incremental Build of configuration Default for project AUGUST_SIX_BAR_HOLO_PROS ****
make all 
make[1]: Nothing to be done for `all'.
21:05:52 **** Incremental Build of configuration Default for project AUGUST_SIX_BAR_HOLO_PROS ****
make all 
make[1]: Nothing to be done for `all'.
21:06:04 **** Incremental Build of configuration Default for project AUGUST_SIX_BAR_HOLO_PROS ****
make all 
make[1]: Nothing to be done for `all'.
21:07:20 **** Incremental Build of configuration Default for project AUGUST_SIX_BAR_HOLO_PROS ****
make all 
CC -I../include -I../src auto_functions.c
CC -I../include -I../src opcontrol.c
opcontrol.c: In function 'operatorControl':
opcontrol.c:86:7: warning: unused variable 'heading' [-Wunused-variable]
LN ./bin/auto.o ./bin/auto_functions.o ./bin/auto_routines.o ./bin/functions.o ./bin/init.o ./bin/opcontrol.o ./firmware/libccos.a -lgcc -lm to bin/output.elf
   text	   data	    bss	    dec	    hex	filename
  16992	      0	   3960	  20952	   51d8	./bin/output.elf
arm-none-eabi-objcopy ./bin/output.elf -O binary ./bin/output.bin
21:07:25 **** Incremental Build of configuration Default for project AUGUST_SIX_BAR_HOLO_PROS ****
make all 
make[1]: Nothing to be done for `all'.
21:07:32 **** Incremental Build of configuration Default for project AUGUST_SIX_BAR_HOLO_PROS ****
make all 
make[1]: Nothing to be done for `all'.
21:10:05 **** Incremental Build of configuration Default for project AUGUST_SIX_BAR_HOLO_PROS ****
make all 
CC -I../include -I../src auto_functions.c
LN ./bin/auto.o ./bin/auto_functions.o ./bin/auto_routines.o ./bin/functions.o ./bin/init.o ./bin/opcontrol.o ./firmware/libccos.a -lgcc -lm to bin/output.elf
   text	   data	    bss	    dec	    hex	filename
  16988	      0	   3960	  20948	   51d4	./bin/output.elf
arm-none-eabi-objcopy ./bin/output.elf -O binary ./bin/output.bin
21:10:13 **** Incremental Build of configuration Default for project AUGUST_SIX_BAR_HOLO_PROS ****
make all 
make[1]: Nothing to be done for `all'.
21:14:20 **** Incremental Build of configuration Default for project AUGUST_SIX_BAR_HOLO_PROS ****
make all 
CC -I../include -I../src auto_functions.c
LN ./bin/auto.o ./bin/auto_functions.o ./bin/auto_routines.o ./bin/functions.o ./bin/init.o ./bin/opcontrol.o ./firmware/libccos.a -lgcc -lm to bin/output.elf
   text	   data	    bss	    dec	    hex	filename
  17012	      0	   3960	  20972	   51ec	./bin/output.elf
arm-none-eabi-objcopy ./bin/output.elf -O binary ./bin/output.bin
21:14:34 **** Incremental Build of configuration Default for project AUGUST_SIX_BAR_HOLO_PROS ****
make all 
make[1]: Nothing to be done for `all'.
21:14:40 **** Incremental Build of configuration Default for project AUGUST_SIX_BAR_HOLO_PROS ****
make all 
make[1]: Nothing to be done for `all'.
21:14:46 **** Incremental Build of configuration Default for project AUGUST_SIX_BAR_HOLO_PROS ****
make all 
make[1]: Nothing to be done for `all'.
21:15:05 **** Incremental Build of configuration Default for project AUGUST_SIX_BAR_HOLO_PROS ****
make all 
make[1]: Nothing to be done for `all'.
21:15:07 **** Incremental Build of configuration Default for project AUGUST_SIX_BAR_HOLO_PROS ****
make all 
make[1]: Nothing to be done for `all'.
21:15:12 **** Incremental Build of configuration Default for project AUGUST_SIX_BAR_HOLO_PROS ****
make all 
make[1]: Nothing to be done for `all'.
21:15:28 **** Incremental Build of configuration Default for project AUGUST_SIX_BAR_HOLO_PROS ****
make all 
make[1]: Nothing to be done for `all'.
21:15:51 **** Incremental Build of configuration Default for project AUGUST_SIX_BAR_HOLO_PROS ****
make all 
make[1]: Nothing to be done for `all'.
21:16:10 **** Incremental Build of configuration Default for project AUGUST_SIX_BAR_HOLO_PROS ****
make all 
make[1]: Nothing to be done for `all'.
21:16:18 **** Incremental Build of configuration Default for project AUGUST_SIX_BAR_HOLO_PROS ****
make all 
make[1]: Nothing to be done for `all'.
21:17:49 **** Incremental Build of configuration Default for project AUGUST_SIX_BAR_HOLO_PROS ****
make all 
make[1]: Nothing to be done for `all'.
21:19:53 **** Incremental Build of configuration Default for project AUGUST_SIX_BAR_HOLO_PROS ****
make all 
make[1]: Nothing to be done for `all'.
21:21:27 **** Incremental Build of configuration Default for project AUGUST_SIX_BAR_HOLO_PROS ****
make all 
make[1]: Nothing to be done for `all'.
21:21:34 **** Incremental Build of configuration Default for project AUGUST_SIX_BAR_HOLO_PROS ****
make all 
make[1]: Nothing to be done for `all'.
21:21:46 **** Incremental Build of configuration Default for project AUGUST_SIX_BAR_HOLO_PROS ****
make all 
make[1]: Nothing to be done for `all'.
21:22:45 **** Incremental Build of configuration Default for project AUGUST_SIX_BAR_HOLO_PROS ****
make all 
CC -I../include -I../src auto_functions.c
LN ./bin/auto.o ./bin/auto_functions.o ./bin/auto_routines.o ./bin/functions.o ./bin/init.o ./bin/opcontrol.o ./firmware/libccos.a -lgcc -lm to bin/output.elf
   text	   data	    bss	    dec	    hex	filename
  17012	      0	   3960	  20972	   51ec	./bin/output.elf
arm-none-eabi-objcopy ./bin/output.elf -O binary ./bin/output.bin
21:27:30 **** Incremental Build of configuration Default for project AUGUST_SIX_BAR_HOLO_PROS ****
make all 
CC -I../include -I../src auto_functions.c
LN ./bin/auto.o ./bin/auto_functions.o ./bin/auto_routines.o ./bin/functions.o ./bin/init.o ./bin/opcontrol.o ./firmware/libccos.a -lgcc -lm to bin/output.elf
   text	   data	    bss	    dec	    hex	filename
  17012	      0	   3960	  20972	   51ec	./bin/output.elf
arm-none-eabi-objcopy ./bin/output.elf -O binary ./bin/output.bin
21:28:34 **** Incremental Build of configuration Default for project AUGUST_SIX_BAR_HOLO_PROS ****
make all 
CC -I../include -I../src auto_functions.c
CC -I../include -I../src init.c
LN ./bin/auto.o ./bin/auto_functions.o ./bin/auto_routines.o ./bin/functions.o ./bin/init.o ./bin/opcontrol.o ./firmware/libccos.a -lgcc -lm to bin/output.elf
   text	   data	    bss	    dec	    hex	filename
  17084	      0	   3960	  21044	   5234	./bin/output.elf
arm-none-eabi-objcopy ./bin/output.elf -O binary ./bin/output.bin
21:28:55 **** Incremental Build of configuration Default for project AUGUST_SIX_BAR_HOLO_PROS ****
make all 
make[1]: Nothing to be done for `all'.
21:29:04 **** Incremental Build of configuration Default for project AUGUST_SIX_BAR_HOLO_PROS ****
make all 
make[1]: Nothing to be done for `all'.
21:29:58 **** Incremental Build of configuration Default for project AUGUST_SIX_BAR_HOLO_PROS ****
make all 
CC -I../include -I../src auto_functions.c
LN ./bin/auto.o ./bin/auto_functions.o ./bin/auto_routines.o ./bin/functions.o ./bin/init.o ./bin/opcontrol.o ./firmware/libccos.a -lgcc -lm to bin/output.elf
   text	   data	    bss	    dec	    hex	filename
  17084	      0	   3960	  21044	   5234	./bin/output.elf
arm-none-eabi-objcopy ./bin/output.elf -O binary ./bin/output.bin
21:31:44 **** Incremental Build of configuration Default for project AUGUST_SIX_BAR_HOLO_PROS ****
make all 
CC -I../include -I../src auto.c
CC -I../include -I../src auto_functions.c
LN ./bin/auto.o ./bin/auto_functions.o ./bin/auto_routines.o ./bin/functions.o ./bin/init.o ./bin/opcontrol.o ./firmware/libccos.a -lgcc -lm to bin/output.elf
   text	   data	    bss	    dec	    hex	filename
  17092	      0	   3960	  21052	   523c	./bin/output.elf
arm-none-eabi-objcopy ./bin/output.elf -O binary ./bin/output.bin
21:31:51 **** Incremental Build of configuration Default for project AUGUST_SIX_BAR_HOLO_PROS ****
make all 
make[1]: Nothing to be done for `all'.
21:33:09 **** Incremental Build of configuration Default for project AUGUST_SIX_BAR_HOLO_PROS ****
make all 
CC -I../include -I../src auto.c
CC -I../include -I../src auto_functions.c
LN ./bin/auto.o ./bin/auto_functions.o ./bin/auto_routines.o ./bin/functions.o ./bin/init.o ./bin/opcontrol.o ./firmware/libccos.a -lgcc -lm to bin/output.elf
   text	   data	    bss	    dec	    hex	filename
  17092	      0	   3960	  21052	   523c	./bin/output.elf
arm-none-eabi-objcopy ./bin/output.elf -O binary ./bin/output.bin
21:52:03 **** Incremental Build of configuration Default for project AUGUST_SIX_BAR_HOLO_PROS ****
make all 
CC -I../include -I../src auto_functions.c
CC -I../include -I../src init.c
init.c: In function 'initialize':
init.c:42:2: error: implicit declaration of function 'AnalogCalibrate' [-Werror=implicit-function-declaration]
cc1.exe: some warnings being treated as errors
make[1]: *** [../bin/init.o] Error 1
make: *** [src] Error 2
21:52:41 **** Incremental Build of configuration Default for project AUGUST_SIX_BAR_HOLO_PROS ****
make all 
CC -I../include -I../src init.c
init.c: In function 'initialize':
init.c:42:2: error: implicit declaration of function 'AnalogCalibrate' [-Werror=implicit-function-declaration]
cc1.exe: some warnings being treated as errors
make[1]: *** [../bin/init.o] Error 1
make: *** [src] Error 2
21:52:43 **** Incremental Build of configuration Default for project AUGUST_SIX_BAR_HOLO_PROS ****
make all 
CC -I../include -I../src init.c
init.c: In function 'initialize':
init.c:42:2: error: implicit declaration of function 'AnalogCalibrate' [-Werror=implicit-function-declaration]
cc1.exe: some warnings being treated as errors
make[1]: *** [../bin/init.o] Error 1
make: *** [src] Error 2
21:52:44 **** Incremental Build of configuration Default for project AUGUST_SIX_BAR_HOLO_PROS ****
make all 
CC -I../include -I../src init.c
init.c: In function 'initialize':
init.c:42:2: error: implicit declaration of function 'AnalogCalibrate' [-Werror=implicit-function-declaration]
cc1.exe: some warnings being treated as errors
make[1]: *** [../bin/init.o] Error 1
make: *** [src] Error 2
21:52:46 **** Incremental Build of configuration Default for project AUGUST_SIX_BAR_HOLO_PROS ****
make all 
CC -I../include -I../src init.c
init.c: In function 'initialize':
init.c:42:2: error: implicit declaration of function 'AnalogCalibrate' [-Werror=implicit-function-declaration]
cc1.exe: some warnings being treated as errors
make[1]: *** [../bin/init.o] Error 1
make: *** [src] Error 2
21:52:48 **** Incremental Build of configuration Default for project AUGUST_SIX_BAR_HOLO_PROS ****
make all 
CC -I../include -I../src init.c
init.c: In function 'initialize':
init.c:42:2: error: implicit declaration of function 'AnalogCalibrate' [-Werror=implicit-function-declaration]
cc1.exe: some warnings being treated as errors
make[1]: *** [../bin/init.o] Error 1
make: *** [src] Error 2
21:52:49 **** Incremental Build of configuration Default for project AUGUST_SIX_BAR_HOLO_PROS ****
make all 
CC -I../include -I../src init.c
init.c: In function 'initialize':
init.c:42:2: error: implicit declaration of function 'AnalogCalibrate' [-Werror=implicit-function-declaration]
cc1.exe: some warnings being treated as errors
make[1]: *** [../bin/init.o] Error 1
make: *** [src] Error 2
21:53:08 **** Incremental Build of configuration Default for project AUGUST_SIX_BAR_HOLO_PROS ****
make all 
CC -I../include -I../src init.c
LN ./bin/auto.o ./bin/auto_functions.o ./bin/auto_routines.o ./bin/functions.o ./bin/init.o ./bin/opcontrol.o ./firmware/libccos.a -lgcc -lm to bin/output.elf
   text	   data	    bss	    dec	    hex	filename
  16800	      0	   3952	  20752	   5110	./bin/output.elf
arm-none-eabi-objcopy ./bin/output.elf -O binary ./bin/output.bin
21:53:10 **** Incremental Build of configuration Default for project AUGUST_SIX_BAR_HOLO_PROS ****
make all 
make[1]: Nothing to be done for `all'.
21:53:46 **** Incremental Build of configuration Default for project AUGUST_SIX_BAR_HOLO_PROS ****
make all 
CC -I../include -I../src auto_functions.c
LN ./bin/auto.o ./bin/auto_functions.o ./bin/auto_routines.o ./bin/functions.o ./bin/init.o ./bin/opcontrol.o ./firmware/libccos.a -lgcc -lm to bin/output.elf
   text	   data	    bss	    dec	    hex	filename
  16848	      0	   3952	  20800	   5140	./bin/output.elf
arm-none-eabi-objcopy ./bin/output.elf -O binary ./bin/output.bin
21:55:24 **** Incremental Build of configuration Default for project AUGUST_SIX_BAR_HOLO_PROS ****
make all 
make[1]: Nothing to be done for `all'.
21:55:34 **** Incremental Build of configuration Default for project AUGUST_SIX_BAR_HOLO_PROS ****
make all 
make[1]: Nothing to be done for `all'.
21:56:46 **** Incremental Build of configuration Default for project AUGUST_SIX_BAR_HOLO_PROS ****
make all 
CC -I../include -I../src auto_functions.c
LN ./bin/auto.o ./bin/auto_functions.o ./bin/auto_routines.o ./bin/functions.o ./bin/init.o ./bin/opcontrol.o ./firmware/libccos.a -lgcc -lm to bin/output.elf
   text	   data	    bss	    dec	    hex	filename
  16848	      0	   3952	  20800	   5140	./bin/output.elf
arm-none-eabi-objcopy ./bin/output.elf -O binary ./bin/output.bin
21:58:31 **** Incremental Build of configuration Default for project AUGUST_SIX_BAR_HOLO_PROS ****
make all 
CC -I../include -I../src auto_functions.c
LN ./bin/auto.o ./bin/auto_functions.o ./bin/auto_routines.o ./bin/functions.o ./bin/init.o ./bin/opcontrol.o ./firmware/libccos.a -lgcc -lm to bin/output.elf
   text	   data	    bss	    dec	    hex	filename
  16848	      0	   3952	  20800	   5140	./bin/output.elf
arm-none-eabi-objcopy ./bin/output.elf -O binary ./bin/output.bin
21:58:39 **** Incremental Build of configuration Default for project AUGUST_SIX_BAR_HOLO_PROS ****
make all 
make[1]: Nothing to be done for `all'.
22:08:45 **** Incremental Build of configuration Default for project AUGUST_SIX_BAR_HOLO_PROS ****
make all 
CC -I../include -I../src auto_functions.c
LN ./bin/auto.o ./bin/auto_functions.o ./bin/auto_routines.o ./bin/functions.o ./bin/init.o ./bin/opcontrol.o ./firmware/libccos.a -lgcc -lm to bin/output.elf
   text	   data	    bss	    dec	    hex	filename
  16808	      0	   3952	  20760	   5118	./bin/output.elf
arm-none-eabi-objcopy ./bin/output.elf -O binary ./bin/output.bin
22:08:51 **** Incremental Build of configuration Default for project AUGUST_SIX_BAR_HOLO_PROS ****
make all 
make[1]: Nothing to be done for `all'.
22:35:32 **** Build of configuration Default for project AUGUST_SIX_BAR_HOLO_PROS ****
make all 
make[1]: Nothing to be done for `all'.
22:40:17 **** Incremental Build of configuration Default for project AUGUST_SIX_BAR_HOLO_PROS ****
make all 
CC -I../include -I../src auto_functions.c
LN ./bin/auto.o ./bin/auto_functions.o ./bin/auto_routines.o ./bin/functions.o ./bin/init.o ./bin/opcontrol.o ./firmware/libccos.a -lgcc -lm to bin/output.elf
   text	   data	    bss	    dec	    hex	filename
  16808	      0	   3952	  20760	   5118	./bin/output.elf
arm-none-eabi-objcopy ./bin/output.elf -O binary ./bin/output.bin
22:41:43 **** Incremental Build of configuration Default for project AUGUST_SIX_BAR_HOLO_PROS ****
make all 
CC -I../include -I../src auto_functions.c
LN ./bin/auto.o ./bin/auto_functions.o ./bin/auto_routines.o ./bin/functions.o ./bin/init.o ./bin/opcontrol.o ./firmware/libccos.a -lgcc -lm to bin/output.elf
   text	   data	    bss	    dec	    hex	filename
  16808	      0	   3952	  20760	   5118	./bin/output.elf
arm-none-eabi-objcopy ./bin/output.elf -O binary ./bin/output.bin
22:42:00 **** Incremental Build of configuration Default for project AUGUST_SIX_BAR_HOLO_PROS ****
make all 
make[1]: Nothing to be done for `all'.
22:45:44 **** Incremental Build of configuration Default for project AUGUST_SIX_BAR_HOLO_PROS ****
make all 
CC -I../include -I../src auto_functions.c
CC -I../include -I../src init.c
LN ./bin/auto.o ./bin/auto_functions.o ./bin/auto_routines.o ./bin/functions.o ./bin/init.o ./bin/opcontrol.o ./firmware/libccos.a -lgcc -lm to bin/output.elf
   text	   data	    bss	    dec	    hex	filename
  17092	      0	   3960	  21052	   523c	./bin/output.elf
arm-none-eabi-objcopy ./bin/output.elf -O binary ./bin/output.bin
22:45:57 **** Incremental Build of configuration Default for project AUGUST_SIX_BAR_HOLO_PROS ****
make all 
make[1]: Nothing to be done for `all'.
22:46:03 **** Incremental Build of configuration Default for project AUGUST_SIX_BAR_HOLO_PROS ****
make all 
make[1]: Nothing to be done for `all'.
22:48:34 **** Incremental Build of configuration Default for project AUGUST_SIX_BAR_HOLO_PROS ****
make all 
CC -I../include -I../src auto_functions.c
LN ./bin/auto.o ./bin/auto_functions.o ./bin/auto_routines.o ./bin/functions.o ./bin/init.o ./bin/opcontrol.o ./firmware/libccos.a -lgcc -lm to bin/output.elf
   text	   data	    bss	    dec	    hex	filename
  17100	      0	   3960	  21060	   5244	./bin/output.elf
arm-none-eabi-objcopy ./bin/output.elf -O binary ./bin/output.bin
22:48:47 **** Incremental Build of configuration Default for project AUGUST_SIX_BAR_HOLO_PROS ****
make all 
make[1]: Nothing to be done for `all'.
22:48:52 **** Incremental Build of configuration Default for project AUGUST_SIX_BAR_HOLO_PROS ****
make all 
make[1]: Nothing to be done for `all'.
22:49:00 **** Incremental Build of configuration Default for project AUGUST_SIX_BAR_HOLO_PROS ****
make all 
make[1]: Nothing to be done for `all'.
22:49:17 **** Incremental Build of configuration Default for project AUGUST_SIX_BAR_HOLO_PROS ****
make all 
make[1]: Nothing to be done for `all'.
22:49:26 **** Incremental Build of configuration Default for project AUGUST_SIX_BAR_HOLO_PROS ****
make all 
make[1]: Nothing to be done for `all'.
22:49:28 **** Incremental Build of configuration Default for project AUGUST_SIX_BAR_HOLO_PROS ****
make all 
make[1]: Nothing to be done for `all'.
22:49:48 **** Incremental Build of configuration Default for project AUGUST_SIX_BAR_HOLO_PROS ****
make all 
make[1]: Nothing to be done for `all'.
22:49:56 **** Incremental Build of configuration Default for project AUGUST_SIX_BAR_HOLO_PROS ****
make all 
make[1]: Nothing to be done for `all'.
22:51:04 **** Incremental Build of configuration Default for project AUGUST_SIX_BAR_HOLO_PROS ****
make all 
make[1]: Nothing to be done for `all'.
22:51:09 **** Incremental Build of configuration Default for project AUGUST_SIX_BAR_HOLO_PROS ****
make all 
make[1]: Nothing to be done for `all'.
22:51:14 **** Incremental Build of configuration Default for project AUGUST_SIX_BAR_HOLO_PROS ****
make all 
make[1]: Nothing to be done for `all'.
22:51:22 **** Incremental Build of configuration Default for project AUGUST_SIX_BAR_HOLO_PROS ****
make all 
make[1]: Nothing to be done for `all'.
22:52:05 **** Incremental Build of configuration Default for project AUGUST_SIX_BAR_HOLO_PROS ****
make all 
make[1]: Nothing to be done for `all'.
22:52:09 **** Incremental Build of configuration Default for project AUGUST_SIX_BAR_HOLO_PROS ****
make all 
make[1]: Nothing to be done for `all'.
22:52:22 **** Incremental Build of configuration Default for project AUGUST_SIX_BAR_HOLO_PROS ****
make all 
make[1]: Nothing to be done for `all'.
22:52:28 **** Incremental Build of configuration Default for project AUGUST_SIX_BAR_HOLO_PROS ****
make all 
make[1]: Nothing to be done for `all'.
22:52:41 **** Incremental Build of configuration Default for project AUGUST_SIX_BAR_HOLO_PROS ****
make all 
make[1]: Nothing to be done for `all'.
22:53:26 **** Incremental Build of configuration Default for project AUGUST_SIX_BAR_HOLO_PROS ****
make all 
make[1]: Nothing to be done for `all'.
22:53:31 **** Incremental Build of configuration Default for project AUGUST_SIX_BAR_HOLO_PROS ****
make all 
make[1]: Nothing to be done for `all'.
22:54:20 **** Incremental Build of configuration Default for project AUGUST_SIX_BAR_HOLO_PROS ****
make all 
make[1]: Nothing to be done for `all'.
22:55:24 **** Incremental Build of configuration Default for project AUGUST_SIX_BAR_HOLO_PROS ****
make all 
make[1]: Nothing to be done for `all'.
22:55:28 **** Incremental Build of configuration Default for project AUGUST_SIX_BAR_HOLO_PROS ****
make all 
make[1]: Nothing to be done for `all'.
22:56:31 **** Incremental Build of configuration Default for project AUGUST_SIX_BAR_HOLO_PROS ****
make all 
make[1]: Nothing to be done for `all'.
22:57:44 **** Incremental Build of configuration Default for project AUGUST_SIX_BAR_HOLO_PROS ****
make all 
make[1]: Nothing to be done for `all'.
22:58:37 **** Incremental Build of configuration Default for project AUGUST_SIX_BAR_HOLO_PROS ****
make all 
make[1]: Nothing to be done for `all'.
23:01:24 **** Incremental Build of configuration Default for project AUGUST_SIX_BAR_HOLO_PROS ****
make all 
make[1]: Nothing to be done for `all'.
23:17:09 **** Clean-only build of configuration Default for project AUGUST_SIX_BAR_HOLO_PROS ****
make clean 
rm -f ./bin/output.elf
rm -rf ./bin
21:40:11 **** Incremental Build of configuration Default for project AUGUST_SIX_BAR_HOLO_PROS ****
make all 
CC -I../include -I../src auto.c
In file included from auto.c:18:0:
../include/main.h:116:8: warning: type defaults to 'int' in declaration of 'arm' [enabled by default]
CC -I../include -I../src auto_functions.c
In file included from auto_functions.c:1:0:
../include/main.h:116:8: warning: type defaults to 'int' in declaration of 'arm' [enabled by default]
CC -I../include -I../src auto_routines.c
CC -I../include -I../src functions.c
In file included from functions.c:1:0:
../include/main.h:116:8: warning: type defaults to 'int' in declaration of 'arm' [enabled by default]
CC -I../include -I../src init.c
In file included from init.c:18:0:
../include/main.h:116:8: warning: type defaults to 'int' in declaration of 'arm' [enabled by default]
init.c: In function 'initialize':
init.c:42:13: error: 'armTask' undeclared (first use in this function)
init.c:42:13: note: each undeclared identifier is reported only once for each function it appears in
make[1]: *** [../bin/init.o] Error 1
make: *** [src] Error 2
21:41:31 **** Incremental Build of configuration Default for project AUGUST_SIX_BAR_HOLO_PROS ****
make all 
CC -I../include -I../src auto.c
In file included from auto.c:18:0:
../include/main.h:116:15: warning: useless storage class specifier in empty declaration [enabled by default]
CC -I../include -I../src auto_functions.c
In file included from auto_functions.c:1:0:
../include/main.h:116:15: warning: useless storage class specifier in empty declaration [enabled by default]
CC -I../include -I../src auto_routines.c
CC -I../include -I../src functions.c
In file included from functions.c:1:0:
../include/main.h:116:15: warning: useless storage class specifier in empty declaration [enabled by default]
CC -I../include -I../src init.c
In file included from init.c:18:0:
../include/main.h:116:15: warning: useless storage class specifier in empty declaration [enabled by default]
init.c: In function 'initialize':
init.c:42:13: error: 'armTask' undeclared (first use in this function)
init.c:42:13: note: each undeclared identifier is reported only once for each function it appears in
make[1]: *** [../bin/init.o] Error 1
make: *** [src] Error 2
21:41:36 **** Incremental Build of configuration Default for project AUGUST_SIX_BAR_HOLO_PROS ****
make all 
CC -I../include -I../src init.c
In file included from init.c:18:0:
../include/main.h:116:15: warning: useless storage class specifier in empty declaration [enabled by default]
init.c: In function 'initialize':
init.c:42:13: error: 'armTask' undeclared (first use in this function)
init.c:42:13: note: each undeclared identifier is reported only once for each function it appears in
make[1]: *** [../bin/init.o] Error 1
make: *** [src] Error 2
21:42:14 **** Incremental Build of configuration Default for project AUGUST_SIX_BAR_HOLO_PROS ****
make all 
CC -I../include -I../src auto.c
CC -I../include -I../src auto_functions.c
CC -I../include -I../src auto_routines.c
CC -I../include -I../src functions.c
CC -I../include -I../src init.c
CC -I../include -I../src opcontrol.c
opcontrol.c: In function 'operatorControl':
opcontrol.c:101:7: warning: unused variable 'heading' [-Wunused-variable]
CC -I../include -I../src tasks.c
tasks.c:4:12: error: expected ':', ',', ';', '}' or '__attribute__' before '=' token
tasks.c: In function 'armSetState':
tasks.c:18:5: error: 'struct Arm' has no member named 'state'
tasks.c:19:5: error: 'struct Arm' has no member named 'isNewState'
tasks.c: At top level:
tasks.c:22:6: error: 'armTask' redeclared as different kind of symbol
In file included from tasks.c:1:0:
../include/main.h:116:17: note: previous declaration of 'armTask' was here
tasks.c: In function 'armTask':
tasks.c:27:12: error: 'struct Arm' has no member named 'isNewState'
tasks.c:28:25: error: 'struct Arm' has no member named 'state'
tasks.c:31:8: error: 'struct Arm' has no member named 'isNewState'
make[1]: *** [../bin/tasks.o] Error 1
make: *** [src] Error 2
21:42:23 **** Incremental Build of configuration Default for project AUGUST_SIX_BAR_HOLO_PROS ****
make all 
CC -I../include -I../src tasks.c
tasks.c:4:12: error: expected ':', ',', ';', '}' or '__attribute__' before '=' token
tasks.c: In function 'armSetState':
tasks.c:18:5: error: 'struct Arm' has no member named 'state'
tasks.c:19:5: error: 'struct Arm' has no member named 'isNewState'
tasks.c: At top level:
tasks.c:22:6: error: 'armTask' redeclared as different kind of symbol
In file included from tasks.c:1:0:
../include/main.h:116:17: note: previous declaration of 'armTask' was here
tasks.c: In function 'armTask':
tasks.c:27:12: error: 'struct Arm' has no member named 'isNewState'
tasks.c:28:25: error: 'struct Arm' has no member named 'state'
tasks.c:31:8: error: 'struct Arm' has no member named 'isNewState'
make[1]: *** [../bin/tasks.o] Error 1
make: *** [src] Error 2
21:43:50 **** Incremental Build of configuration Default for project AUGUST_SIX_BAR_HOLO_PROS ****
make all 
CC -I../include -I../src auto.c
In file included from auto.c:18:0:
../include/main.h:118:15: warning: useless storage class specifier in empty declaration [enabled by default]
CC -I../include -I../src auto_functions.c
In file included from auto_functions.c:1:0:
../include/main.h:118:15: warning: useless storage class specifier in empty declaration [enabled by default]
CC -I../include -I../src auto_routines.c
CC -I../include -I../src functions.c
In file included from functions.c:1:0:
../include/main.h:118:15: warning: useless storage class specifier in empty declaration [enabled by default]
CC -I../include -I../src init.c
In file included from init.c:18:0:
../include/main.h:118:15: warning: useless storage class specifier in empty declaration [enabled by default]
CC -I../include -I../src opcontrol.c
In file included from opcontrol.c:18:0:
../include/main.h:118:15: warning: useless storage class specifier in empty declaration [enabled by default]
opcontrol.c: In function 'operatorControl':
opcontrol.c:101:7: warning: unused variable 'heading' [-Wunused-variable]
CC -I../include -I../src tasks.c
In file included from tasks.c:1:0:
../include/main.h:118:15: warning: useless storage class specifier in empty declaration [enabled by default]
tasks.c:4:12: error: expected ':', ',', ';', '}' or '__attribute__' before '=' token
tasks.c: In function 'armSetState':
tasks.c:18:5: error: 'struct Arm' has no member named 'state'
tasks.c:19:5: error: 'struct Arm' has no member named 'isNewState'
tasks.c: At top level:
tasks.c:22:6: error: 'armTask' redeclared as different kind of symbol
In file included from tasks.c:1:0:
../include/main.h:116:17: note: previous declaration of 'armTask' was here
tasks.c: In function 'armTask':
tasks.c:27:12: error: 'struct Arm' has no member named 'isNewState'
tasks.c:28:25: error: 'struct Arm' has no member named 'state'
tasks.c:31:8: error: 'struct Arm' has no member named 'isNewState'
make[1]: *** [../bin/tasks.o] Error 1
make: *** [src] Error 2
21:44:00 **** Incremental Build of configuration Default for project AUGUST_SIX_BAR_HOLO_PROS ****
make all 
CC -I../include -I../src auto.c
CC -I../include -I../src auto_functions.c
CC -I../include -I../src auto_routines.c
CC -I../include -I../src functions.c
CC -I../include -I../src init.c
CC -I../include -I../src opcontrol.c
opcontrol.c: In function 'operatorControl':
opcontrol.c:101:7: warning: unused variable 'heading' [-Wunused-variable]
CC -I../include -I../src tasks.c
tasks.c:4:12: error: expected ':', ',', ';', '}' or '__attribute__' before '=' token
tasks.c: In function 'armSetState':
tasks.c:18:5: error: 'struct Arm' has no member named 'state'
tasks.c:19:5: error: 'struct Arm' has no member named 'isNewState'
tasks.c: At top level:
tasks.c:22:6: error: 'armTask' redeclared as different kind of symbol
In file included from tasks.c:1:0:
../include/main.h:116:17: note: previous declaration of 'armTask' was here
tasks.c: In function 'armTask':
tasks.c:27:12: error: 'struct Arm' has no member named 'isNewState'
tasks.c:28:25: error: 'struct Arm' has no member named 'state'
tasks.c:31:8: error: 'struct Arm' has no member named 'isNewState'
make[1]: *** [../bin/tasks.o] Error 1
make: *** [src] Error 2
21:46:06 **** Incremental Build of configuration Default for project AUGUST_SIX_BAR_HOLO_PROS ****
make all 
CC -I../include -I../src tasks.c
tasks.c:6:18: error: expected ':', ',', ';', '}' or '__attribute__' before '=' token
tasks.c: In function 'armSetState':
tasks.c:19:5: error: 'struct Arm' has no member named 'isNewState'
tasks.c: At top level:
tasks.c:22:6: error: 'armTask' redeclared as different kind of symbol
In file included from tasks.c:1:0:
../include/main.h:116:17: note: previous declaration of 'armTask' was here
tasks.c: In function 'armTask':
tasks.c:27:12: error: 'struct Arm' has no member named 'isNewState'
tasks.c:31:8: error: 'struct Arm' has no member named 'isNewState'
make[1]: *** [../bin/tasks.o] Error 1
make: *** [src] Error 2
21:46:10 **** Incremental Build of configuration Default for project AUGUST_SIX_BAR_HOLO_PROS ****
make all 
CC -I../include -I../src tasks.c
tasks.c:6:18: error: expected ':', ',', ';', '}' or '__attribute__' before '=' token
tasks.c: In function 'armSetState':
tasks.c:19:5: error: 'struct Arm' has no member named 'isNewState'
tasks.c: At top level:
tasks.c:22:6: error: 'armTask' redeclared as different kind of symbol
In file included from tasks.c:1:0:
../include/main.h:116:17: note: previous declaration of 'armTask' was here
tasks.c: In function 'armTask':
tasks.c:27:12: error: 'struct Arm' has no member named 'isNewState'
tasks.c:31:8: error: 'struct Arm' has no member named 'isNewState'
make[1]: *** [../bin/tasks.o] Error 1
make: *** [src] Error 2
21:46:15 **** Incremental Build of configuration Default for project AUGUST_SIX_BAR_HOLO_PROS ****
make all 
CC -I../include -I../src tasks.c
tasks.c:6:18: error: expected ':', ',', ';', '}' or '__attribute__' before '=' token
tasks.c: In function 'armSetState':
tasks.c:19:5: error: 'struct Arm' has no member named 'isNewState'
tasks.c: At top level:
tasks.c:22:6: error: 'armTask' redeclared as different kind of symbol
In file included from tasks.c:1:0:
../include/main.h:116:17: note: previous declaration of 'armTask' was here
tasks.c: In function 'armTask':
tasks.c:27:12: error: 'struct Arm' has no member named 'isNewState'
tasks.c:31:8: error: 'struct Arm' has no member named 'isNewState'
make[1]: *** [../bin/tasks.o] Error 1
make: *** [src] Error 2
21:46:31 **** Incremental Build of configuration Default for project AUGUST_SIX_BAR_HOLO_PROS ****
make all 
CC -I../include -I../src tasks.c
tasks.c:21:6: error: 'armTask' redeclared as different kind of symbol
In file included from tasks.c:1:0:
../include/main.h:116:17: note: previous declaration of 'armTask' was here
make[1]: *** [../bin/tasks.o] Error 1
make: *** [src] Error 2
21:47:40 **** Incremental Build of configuration Default for project AUGUST_SIX_BAR_HOLO_PROS ****
make all 
CC -I../include -I../src init.c
init.c: In function 'initialize':
init.c:42:8: error: expected expression before '{' token
init.c:42:8: error: 'arm' has an incomplete type
make[1]: *** [../bin/init.o] Error 1
make: *** [src] Error 2
21:47:44 **** Incremental Build of configuration Default for project AUGUST_SIX_BAR_HOLO_PROS ****
make all 
CC -I../include -I../src init.c
init.c: In function 'initialize':
init.c:42:8: error: expected expression before '{' token
init.c:42:8: error: 'arm' has an incomplete type
make[1]: *** [../bin/init.o] Error 1
make: *** [src] Error 2
21:48:09 **** Incremental Build of configuration Default for project AUGUST_SIX_BAR_HOLO_PROS ****
make all 
CC -I../include -I../src init.c
init.c: In function 'initialize':
init.c:42:8: error: expected expression before '{' token
init.c:42:8: error: 'arm' has an incomplete type
make[1]: *** [../bin/init.o] Error 1
make: *** [src] Error 2
21:48:52 **** Incremental Build of configuration Default for project AUGUST_SIX_BAR_HOLO_PROS ****
make all 
CC -I../include -I../src init.c
init.c: In function 'initialize':
init.c:42:8: error: expected expression before '{' token
init.c:42:8: error: 'arm' has an incomplete type
make[1]: *** [../bin/init.o] Error 1
make: *** [src] Error 2
21:49:16 **** Incremental Build of configuration Default for project AUGUST_SIX_BAR_HOLO_PROS ****
make all 
CC -I../include -I../src init.c
init.c: In function 'initialize':
init.c:42:8: error: expected expression before '{' token
init.c:42:8: error: 'arm' has an incomplete type
make[1]: *** [../bin/init.o] Error 1
make: *** [src] Error 2
21:49:54 **** Incremental Build of configuration Default for project AUGUST_SIX_BAR_HOLO_PROS ****
make all 
CC -I../include -I../src init.c
init.c: In function 'initialize':
init.c:42:8: error: expected expression before '{' token
init.c:42:8: error: 'arm' has an incomplete type
make[1]: *** [../bin/init.o] Error 1
make: *** [src] Error 2
21:52:14 **** Incremental Build of configuration Default for project AUGUST_SIX_BAR_HOLO_PROS ****
make all 
CC -I../include -I../src init.c
init.c: In function 'initialize':
init.c:42:8: error: expected expression before '{' token
init.c:42:8: error: 'arm' has an incomplete type
init.c:43:2: error: too few arguments to function 'armTask'
make[1]: *** [../bin/init.o] Error 1
make: *** [src] Error 2
21:53:49 **** Incremental Build of configuration Default for project AUGUST_SIX_BAR_HOLO_PROS ****
make all 
CC -I../include -I../src init.c
init.c: In function 'initialize':
init.c:42:8: error: expected expression before '{' token
init.c:42:8: error: 'arm' has an incomplete type
init.c:44:2: error: invalid use of void expression
make[1]: *** [../bin/init.o] Error 1
make: *** [src] Error 2
21:54:00 **** Incremental Build of configuration Default for project AUGUST_SIX_BAR_HOLO_PROS ****
make all 
CC -I../include -I../src init.c
init.c: In function 'initialize':
init.c:42:8: error: expected expression before '{' token
init.c:42:8: error: 'arm' has an incomplete type
init.c:44:2: error: invalid use of void expression
make[1]: *** [../bin/init.o] Error 1
make: *** [src] Error 2
21:54:14 **** Incremental Build of configuration Default for project AUGUST_SIX_BAR_HOLO_PROS ****
make all 
CC -I../include -I../src init.c
init.c: In function 'initialize':
init.c:42:8: error: expected expression before '{' token
init.c:42:8: error: 'arm' has an incomplete type
init.c:44:2: error: invalid use of void expression
make[1]: *** [../bin/init.o] Error 1
make: *** [src] Error 2
21:54:27 **** Incremental Build of configuration Default for project AUGUST_SIX_BAR_HOLO_PROS ****
make all 
CC -I../include -I../src init.c
init.c: In function 'initialize':
init.c:42:8: error: expected expression before '{' token
init.c:42:8: error: 'arm' has an incomplete type
make[1]: *** [../bin/init.o] Error 1
make: *** [src] Error 2
21:54:45 **** Incremental Build of configuration Default for project AUGUST_SIX_BAR_HOLO_PROS ****
make all 
CC -I../include -I../src auto.c
CC -I../include -I../src auto_functions.c
CC -I../include -I../src auto_routines.c
CC -I../include -I../src functions.c
CC -I../include -I../src init.c
init.c: In function 'initialize':
init.c:42:8: error: expected expression before '{' token
init.c:42:8: error: 'arm' has an incomplete type
make[1]: *** [../bin/init.o] Error 1
make: *** [src] Error 2
21:58:11 **** Incremental Build of configuration Default for project AUGUST_SIX_BAR_HOLO_PROS ****
make all 
CC -I../include -I../src auto.c
In file included from auto.c:18:0:
../include/main.h:253:6: error: 'armTask' redeclared as different kind of symbol
../include/main.h:116:17: note: previous declaration of 'armTask' was here
make[1]: *** [../bin/auto.o] Error 1
make: *** [src] Error 2
21:58:33 **** Incremental Build of configuration Default for project AUGUST_SIX_BAR_HOLO_PROS ****
make all 
CC -I../include -I../src auto.c
In file included from auto.c:18:0:
../include/main.h:253:6: error: 'armTask' redeclared as different kind of symbol
../include/main.h:116:17: note: previous declaration of 'armTask' was here
make[1]: *** [../bin/auto.o] Error 1
make: *** [src] Error 2
21:58:48 **** Incremental Build of configuration Default for project AUGUST_SIX_BAR_HOLO_PROS ****
make all 
CC -I../include -I../src auto.c
In file included from auto.c:18:0:
../include/main.h:253:6: error: 'armTask' redeclared as different kind of symbol
../include/main.h:116:17: note: previous declaration of 'armTask' was here
make[1]: *** [../bin/auto.o] Error 1
make: *** [src] Error 2
21:58:50 **** Incremental Build of configuration Default for project AUGUST_SIX_BAR_HOLO_PROS ****
make all 
CC -I../include -I../src auto.c
In file included from auto.c:18:0:
../include/main.h:253:6: error: 'armTask' redeclared as different kind of symbol
../include/main.h:116:17: note: previous declaration of 'armTask' was here
make[1]: *** [../bin/auto.o] Error 1
make: *** [src] Error 2
21:59:00 **** Incremental Build of configuration Default for project AUGUST_SIX_BAR_HOLO_PROS ****
make all 
CC -I../include -I../src auto.c
CC -I../include -I../src auto_functions.c
CC -I../include -I../src auto_routines.c
CC -I../include -I../src functions.c
CC -I../include -I../src init.c
init.c: In function 'initialize':
init.c:42:8: error: expected expression before '{' token
init.c:42:8: error: 'arm' has an incomplete type
make[1]: *** [../bin/init.o] Error 1
make: *** [src] Error 2
22:00:27 **** Incremental Build of configuration Default for project AUGUST_SIX_BAR_HOLO_PROS ****
make all 
CC -I../include -I../src auto.c
CC -I../include -I../src auto_functions.c
CC -I../include -I../src auto_routines.c
CC -I../include -I../src functions.c
CC -I../include -I../src init.c
init.c: In function 'initialize':
init.c:42:8: error: expected expression before '{' token
init.c:42:8: error: 'arm' has an incomplete type
make[1]: *** [../bin/init.o] Error 1
make: *** [src] Error 2
22:00:36 **** Incremental Build of configuration Default for project AUGUST_SIX_BAR_HOLO_PROS ****
make all 
CC -I../include -I../src init.c
init.c: In function 'initialize':
init.c:42:8: error: expected expression before '{' token
init.c:42:8: error: 'arm' has an incomplete type
make[1]: *** [../bin/init.o] Error 1
make: *** [src] Error 2
22:00:37 **** Incremental Build of configuration Default for project AUGUST_SIX_BAR_HOLO_PROS ****
make all 
CC -I../include -I../src init.c
init.c: In function 'initialize':
init.c:42:8: error: expected expression before '{' token
init.c:42:8: error: 'arm' has an incomplete type
make[1]: *** [../bin/init.o] Error 1
make: *** [src] Error 2
22:01:10 **** Incremental Build of configuration Default for project AUGUST_SIX_BAR_HOLO_PROS ****
make all 
CC -I../include -I../src init.c
init.c: In function 'initialize':
init.c:42:8: error: expected expression before '{' token
init.c:42:8: error: 'arm' has an incomplete type
make[1]: *** [../bin/init.o] Error 1
make: *** [src] Error 2
22:01:17 **** Incremental Build of configuration Default for project AUGUST_SIX_BAR_HOLO_PROS ****
make all 
CC -I../include -I../src init.c
CC -I../include -I../src opcontrol.c
opcontrol.c: In function 'operatorControl':
opcontrol.c:101:7: warning: unused variable 'heading' [-Wunused-variable]
CC -I../include -I../src tasks.c
tasks.c:4:12: error: expected ':', ',', ';', '}' or '__attribute__' before '=' token
tasks.c: In function 'armSetState':
tasks.c:17:5: error: 'struct Arm' has no member named 'state'
tasks.c:18:5: error: 'struct Arm' has no member named 'isNewState'
tasks.c: In function 'armTask':
tasks.c:26:12: error: 'struct Arm' has no member named 'isNewState'
tasks.c:27:25: error: 'struct Arm' has no member named 'state'
tasks.c:30:8: error: 'struct Arm' has no member named 'isNewState'
make[1]: *** [../bin/tasks.o] Error 1
make: *** [src] Error 2
22:01:52 **** Incremental Build of configuration Default for project AUGUST_SIX_BAR_HOLO_PROS ****
make all 
CC -I../include -I../src init.c
init.c: In function 'initialize':
init.c:42:8: error: expected expression before '{' token
init.c:42:8: error: 'arm' has an incomplete type
make[1]: *** [../bin/init.o] Error 1
make: *** [src] Error 2
22:01:52 **** Incremental Build of configuration Default for project AUGUST_SIX_BAR_HOLO_PROS ****
make all 
CC -I../include -I../src init.c
init.c: In function 'initialize':
init.c:42:8: error: expected expression before '{' token
init.c:42:8: error: 'arm' has an incomplete type
make[1]: *** [../bin/init.o] Error 1
make: *** [src] Error 2
22:02:46 **** Incremental Build of configuration Default for project AUGUST_SIX_BAR_HOLO_PROS ****
make all 
CC -I../include -I../src init.c
init.c: In function 'initialize':
init.c:42:8: error: expected expression before '{' token
init.c:42:8: error: 'arm' has an incomplete type
make[1]: *** [../bin/init.o] Error 1
make: *** [src] Error 2
22:02:49 **** Incremental Build of configuration Default for project AUGUST_SIX_BAR_HOLO_PROS ****
make all 
CC -I../include -I../src init.c
init.c: In function 'initialize':
init.c:42:8: error: expected expression before '{' token
init.c:42:8: error: 'arm' has an incomplete type
make[1]: *** [../bin/init.o] Error 1
make: *** [src] Error 2
22:02:52 **** Incremental Build of configuration Default for project AUGUST_SIX_BAR_HOLO_PROS ****
make all 
CC -I../include -I../src init.c
CC -I../include -I../src tasks.c
LN ./bin/auto.o ./bin/auto_functions.o ./bin/auto_routines.o ./bin/functions.o ./bin/init.o ./bin/opcontrol.o ./bin/tasks.o ./firmware/libccos.a -lgcc -lm to bin/output.elf
   text	   data	    bss	    dec	    hex	filename
  17300	     16	   3968	  21284	   5324	./bin/output.elf
arm-none-eabi-objcopy ./bin/output.elf -O binary ./bin/output.bin
22:03:34 **** Incremental Build of configuration Default for project AUGUST_SIX_BAR_HOLO_PROS ****
make all 
CC -I../include -I../src tasks.c
LN ./bin/auto.o ./bin/auto_functions.o ./bin/auto_routines.o ./bin/functions.o ./bin/init.o ./bin/opcontrol.o ./bin/tasks.o ./firmware/libccos.a -lgcc -lm to bin/output.elf
   text	   data	    bss	    dec	    hex	filename
  17300	     16	   3968	  21284	   5324	./bin/output.elf
arm-none-eabi-objcopy ./bin/output.elf -O binary ./bin/output.bin
22:08:40 **** Incremental Build of configuration Default for project AUGUST_SIX_BAR_HOLO_PROS ****
make all 
CC -I../include -I../src init.c
CC -I../include -I../src opcontrol.c
opcontrol.c: In function 'operatorControl':
opcontrol.c:101:7: warning: unused variable 'heading' [-Wunused-variable]
LN ./bin/auto.o ./bin/auto_functions.o ./bin/auto_routines.o ./bin/functions.o ./bin/init.o ./bin/opcontrol.o ./bin/tasks.o ./firmware/libccos.a -lgcc -lm to bin/output.elf
   text	   data	    bss	    dec	    hex	filename
  17336	     16	   3968	  21320	   5348	./bin/output.elf
arm-none-eabi-objcopy ./bin/output.elf -O binary ./bin/output.bin
22:09:47 **** Incremental Build of configuration Default for project AUGUST_SIX_BAR_HOLO_PROS ****
make all 
CC -I../include -I../src opcontrol.c
LN ./bin/auto.o ./bin/auto_functions.o ./bin/auto_routines.o ./bin/functions.o ./bin/init.o ./bin/opcontrol.o ./bin/tasks.o ./firmware/libccos.a -lgcc -lm to bin/output.elf
   text	   data	    bss	    dec	    hex	filename
  17312	     16	   3968	  21296	   5330	./bin/output.elf
arm-none-eabi-objcopy ./bin/output.elf -O binary ./bin/output.bin
22:09:58 **** Incremental Build of configuration Default for project AUGUST_SIX_BAR_HOLO_PROS ****
make all 
CC -I../include -I../src init.c
LN ./bin/auto.o ./bin/auto_functions.o ./bin/auto_routines.o ./bin/functions.o ./bin/init.o ./bin/opcontrol.o ./bin/tasks.o ./firmware/libccos.a -lgcc -lm to bin/output.elf
   text	   data	    bss	    dec	    hex	filename
  17216	      0	   3968	  21184	   52c0	./bin/output.elf
arm-none-eabi-objcopy ./bin/output.elf -O binary ./bin/output.bin
22:10:53 **** Incremental Build of configuration Default for project AUGUST_SIX_BAR_HOLO_PROS ****
make all 
make[1]: Nothing to be done for `all'.
22:10:57 **** Incremental Build of configuration Default for project AUGUST_SIX_BAR_HOLO_PROS ****
make all 
make[1]: Nothing to be done for `all'.
22:10:59 **** Incremental Build of configuration Default for project AUGUST_SIX_BAR_HOLO_PROS ****
make all 
make[1]: Nothing to be done for `all'.
22:11:03 **** Incremental Build of configuration Default for project AUGUST_SIX_BAR_HOLO_PROS ****
make all 
make[1]: Nothing to be done for `all'.
22:11:24 **** Incremental Build of configuration Default for project AUGUST_SIX_BAR_HOLO_PROS ****
make all 
make[1]: Nothing to be done for `all'.
22:11:35 **** Incremental Build of configuration Default for project AUGUST_SIX_BAR_HOLO_PROS ****
make all 
make[1]: Nothing to be done for `all'.
22:11:44 **** Incremental Build of configuration Default for project AUGUST_SIX_BAR_HOLO_PROS ****
make all 
make[1]: Nothing to be done for `all'.
22:22:27 **** Incremental Build of configuration Default for project AUGUST_SIX_BAR_HOLO_PROS ****
make all 
CC -I../include -I../src auto.c
CC -I../include -I../src auto_functions.c
CC -I../include -I../src auto_routines.c
CC -I../include -I../src functions.c
CC -I../include -I../src init.c
CC -I../include -I../src opcontrol.c
CC -I../include -I../src tasks.c
LN ./bin/auto.o ./bin/auto_functions.o ./bin/auto_routines.o ./bin/functions.o ./bin/init.o ./bin/opcontrol.o ./bin/tasks.o ./firmware/libccos.a -lgcc -lm to bin/output.elf
   text	   data	    bss	    dec	    hex	filename
  17216	      0	   3968	  21184	   52c0	./bin/output.elf
arm-none-eabi-objcopy ./bin/output.elf -O binary ./bin/output.bin
